<?xml version="1.0" encoding="UTF-8"?>
<!-- Generated by org.testng.reporters.JUnitReportReporter -->
<testsuite skipped="0" hostname="Afsanas-MacBook-Pro.local" name="com.orange_hrm.test_runner.Test_Runner_tag" tests="1" failures="0" timestamp="05 Oct 2020 01:06:34 GMT" time="26.403" errors="0">
  <testcase name="feature" time="26.403" classname="com.orange_hrm.test_runner.Test_Runner_tag"/>
</testsuite> <!-- com.orange_hrm.test_runner.Test_Runner_tag -->
