<?xml version="1.0" encoding="UTF-8"?>
<!-- Generated by org.testng.reporters.JUnitReportReporter -->
<testsuite skipped="0" hostname="Afsanas-MacBook-Pro.local" name="com.orange_hrm.test_runner.Test_Runner_Local" tests="1" failures="0" timestamp="05 Oct 2020 00:45:37 GMT" time="26.798" errors="0">
  <testcase name="feature" time="26.798" classname="com.orange_hrm.test_runner.Test_Runner_Local"/>
</testsuite> <!-- com.orange_hrm.test_runner.Test_Runner_Local -->
