<?xml version="1.0" encoding="UTF-8"?>
<!-- Generated by org.testng.reporters.JUnitReportReporter -->
<testsuite skipped="0" hostname="Afsanas-MacBook-Pro.local" name="com.orange_hrm.test_runner.Test_Runner_Local" tests="1" failures="0" timestamp="15 Oct 2020 18:03:43 GMT" time="24.665" errors="0">
  <testcase name="feature" time="24.665" classname="com.orange_hrm.test_runner.Test_Runner_Local"/>
</testsuite> <!-- com.orange_hrm.test_runner.Test_Runner_Local -->
